2017/04/29 19:37:23 OSS INFO  [junyi.ddz.core.Game] - 
	Win
	游戏对象:农民 [4-0 4-1 5-2 6-1 6-3 7-3 9-3 10-3 11-0 11-2 11-3 13-2 14-0 14-1 14-3 99 100 ] 
	&
	 农民 [3-0 3-1 3-2 3-3 5-0 5-1 6-2 8-1 10-2 12-1 12-3 13-0 13-1 13-3 15-0 15-1 15-3 ]
	玩家:地主 [4-3 5-3 6-0 7-0 7-1 7-2 8-0 8-2 8-3 9-0 9-1 9-2 10-0 11-1 12-0 12-2 14-2 ]
	当前积分1600

2017/04/29 19:43:14 OSS INFO  [junyi.ddz.core.Game] - 
	Win
	游戏对象:农民 [3-1 3-2 4-1 5-1 6-3 7-1 7-2 8-2 9-0 9-3 10-0 10-1 12-1 13-1 14-0 15-1 15-3 ] 
	&
	 农民 [3-0 4-0 4-2 4-3 5-0 6-2 7-0 7-3 8-1 11-1 11-3 12-3 13-0 14-2 14-3 15-0 15-2 ]
	玩家:地主 [3-3 5-2 5-3 6-0 6-1 8-0 9-1 10-2 10-3 11-0 11-2 12-0 12-2 13-2 13-3 14-1 99 ]
	当前积分1800

2017/04/29 22:33:08 OSS INFO  [junyi.ddz.core.Game] - 
	False
	游戏对象:农民 [3-0 3-1 3-2 5-0 5-2 5-3 6-0 6-1 7-0 7-1 9-1 11-2 11-3 12-1 15-0 15-2 99 ] 
	&
	 农民 [3-3 4-1 4-2 5-1 6-3 8-1 8-2 8-3 9-3 10-1 10-2 11-0 12-0 12-3 13-2 14-1 100 ]
	玩家:地主 [4-0 4-3 7-2 7-3 8-0 9-0 9-2 10-0 10-3 11-1 12-2 13-0 13-3 14-0 14-2 14-3 15-1 ]
	当前积分1600

